RealTimeSTT: root - INFO - Starting RealTimeSTT
RealTimeSTT: root - INFO - Initializing audio recording (creating pyAudio input stream, sample rate: 16000 buffer size: 512
RealTimeSTT: root - DEBUG - Porcupine wake word detection engine initialized successfully
RealTimeSTT: root - INFO - Initializing WebRTC voice with Sensitivity 3
RealTimeSTT: root - DEBUG - WebRTC VAD voice activity detection engine initialized successfully
RealTimeSTT: torio._extension.utils - DEBUG - Loading FFmpeg6
RealTimeSTT: torio._extension.utils - DEBUG - Failed to load FFmpeg6 extension.
Traceback (most recent call last):
  File "D:\ai_jarvis\jarvis\lib\site-packages\torio\_extension\utils.py", line 116, in _find_ffmpeg_extension
    ext = _find_versionsed_ffmpeg_extension(ffmpeg_ver)
  File "D:\ai_jarvis\jarvis\lib\site-packages\torio\_extension\utils.py", line 108, in _find_versionsed_ffmpeg_extension
    _load_lib(lib)
  File "D:\ai_jarvis\jarvis\lib\site-packages\torio\_extension\utils.py", line 94, in _load_lib
    torch.ops.load_library(path)
  File "D:\ai_jarvis\jarvis\lib\site-packages\torch\_ops.py", line 933, in load_library
    ctypes.CDLL(path)
  File "D:\python\lib\ctypes\__init__.py", line 374, in __init__
    self._handle = _dlopen(self._name, mode)
FileNotFoundError: Could not find module 'D:\ai_jarvis\jarvis\Lib\site-packages\torio\lib\libtorio_ffmpeg6.pyd' (or one of its dependencies). Try using the full path with constructor syntax.
RealTimeSTT: torio._extension.utils - DEBUG - Loading FFmpeg5
RealTimeSTT: torio._extension.utils - DEBUG - Failed to load FFmpeg5 extension.
Traceback (most recent call last):
  File "D:\ai_jarvis\jarvis\lib\site-packages\torio\_extension\utils.py", line 116, in _find_ffmpeg_extension
    ext = _find_versionsed_ffmpeg_extension(ffmpeg_ver)
  File "D:\ai_jarvis\jarvis\lib\site-packages\torio\_extension\utils.py", line 108, in _find_versionsed_ffmpeg_extension
    _load_lib(lib)
  File "D:\ai_jarvis\jarvis\lib\site-packages\torio\_extension\utils.py", line 94, in _load_lib
    torch.ops.load_library(path)
  File "D:\ai_jarvis\jarvis\lib\site-packages\torch\_ops.py", line 933, in load_library
    ctypes.CDLL(path)
  File "D:\python\lib\ctypes\__init__.py", line 374, in __init__
    self._handle = _dlopen(self._name, mode)
FileNotFoundError: Could not find module 'D:\ai_jarvis\jarvis\Lib\site-packages\torio\lib\libtorio_ffmpeg5.pyd' (or one of its dependencies). Try using the full path with constructor syntax.
RealTimeSTT: torio._extension.utils - DEBUG - Loading FFmpeg4
RealTimeSTT: torio._extension.utils - DEBUG - Failed to load FFmpeg4 extension.
Traceback (most recent call last):
  File "D:\ai_jarvis\jarvis\lib\site-packages\torio\_extension\utils.py", line 116, in _find_ffmpeg_extension
    ext = _find_versionsed_ffmpeg_extension(ffmpeg_ver)
  File "D:\ai_jarvis\jarvis\lib\site-packages\torio\_extension\utils.py", line 108, in _find_versionsed_ffmpeg_extension
    _load_lib(lib)
  File "D:\ai_jarvis\jarvis\lib\site-packages\torio\_extension\utils.py", line 94, in _load_lib
    torch.ops.load_library(path)
  File "D:\ai_jarvis\jarvis\lib\site-packages\torch\_ops.py", line 933, in load_library
    ctypes.CDLL(path)
  File "D:\python\lib\ctypes\__init__.py", line 374, in __init__
    self._handle = _dlopen(self._name, mode)
FileNotFoundError: Could not find module 'D:\ai_jarvis\jarvis\Lib\site-packages\torio\lib\libtorio_ffmpeg4.pyd' (or one of its dependencies). Try using the full path with constructor syntax.
RealTimeSTT: torio._extension.utils - DEBUG - Loading FFmpeg
RealTimeSTT: torio._extension.utils - DEBUG - Failed to load FFmpeg extension.
Traceback (most recent call last):
  File "D:\ai_jarvis\jarvis\lib\site-packages\torio\_extension\utils.py", line 116, in _find_ffmpeg_extension
    ext = _find_versionsed_ffmpeg_extension(ffmpeg_ver)
  File "D:\ai_jarvis\jarvis\lib\site-packages\torio\_extension\utils.py", line 106, in _find_versionsed_ffmpeg_extension
    raise RuntimeError(f"FFmpeg{version} extension is not available.")
RuntimeError: FFmpeg extension is not available.
RealTimeSTT: root - DEBUG - Silero VAD voice activity detection engine initialized successfully
RealTimeSTT: root - DEBUG - Starting recording worker
RealTimeSTT: root - DEBUG - Starting realtime worker
RealTimeSTT: root - DEBUG - Waiting for main transcription model to start
RealTimeSTT: root - DEBUG - Main transcription model ready
RealTimeSTT: root - DEBUG - RealtimeSTT initialization completed successfully
RealTimeSTT: root - INFO - voice activity detected
RealTimeSTT: root - INFO - recording started
RealTimeSTT: root - INFO - voice deactivity detected
RealTimeSTT: root - INFO - recording stopped
RealTimeSTT: root - DEBUG - Finishing recording thread
RealTimeSTT: root - DEBUG - Terminating reader process
RealTimeSTT: root - DEBUG - Terminating transcription process
RealTimeSTT: root - DEBUG - Finishing realtime thread
RealTimeSTT: root - INFO - Starting RealTimeSTT
RealTimeSTT: root - INFO - Initializing audio recording (creating pyAudio input stream, sample rate: 16000 buffer size: 512
RealTimeSTT: root - DEBUG - Porcupine wake word detection engine initialized successfully
RealTimeSTT: root - INFO - Initializing WebRTC voice with Sensitivity 3
RealTimeSTT: root - DEBUG - WebRTC VAD voice activity detection engine initialized successfully
RealTimeSTT: torio._extension.utils - DEBUG - Loading FFmpeg6
RealTimeSTT: torio._extension.utils - DEBUG - Failed to load FFmpeg6 extension.
Traceback (most recent call last):
  File "D:\ai_jarvis\jarvis\lib\site-packages\torio\_extension\utils.py", line 116, in _find_ffmpeg_extension
    ext = _find_versionsed_ffmpeg_extension(ffmpeg_ver)
  File "D:\ai_jarvis\jarvis\lib\site-packages\torio\_extension\utils.py", line 108, in _find_versionsed_ffmpeg_extension
    _load_lib(lib)
  File "D:\ai_jarvis\jarvis\lib\site-packages\torio\_extension\utils.py", line 94, in _load_lib
    torch.ops.load_library(path)
  File "D:\ai_jarvis\jarvis\lib\site-packages\torch\_ops.py", line 933, in load_library
    ctypes.CDLL(path)
  File "D:\python\lib\ctypes\__init__.py", line 374, in __init__
    self._handle = _dlopen(self._name, mode)
FileNotFoundError: Could not find module 'D:\ai_jarvis\jarvis\Lib\site-packages\torio\lib\libtorio_ffmpeg6.pyd' (or one of its dependencies). Try using the full path with constructor syntax.
RealTimeSTT: torio._extension.utils - DEBUG - Loading FFmpeg5
RealTimeSTT: torio._extension.utils - DEBUG - Failed to load FFmpeg5 extension.
Traceback (most recent call last):
  File "D:\ai_jarvis\jarvis\lib\site-packages\torio\_extension\utils.py", line 116, in _find_ffmpeg_extension
    ext = _find_versionsed_ffmpeg_extension(ffmpeg_ver)
  File "D:\ai_jarvis\jarvis\lib\site-packages\torio\_extension\utils.py", line 108, in _find_versionsed_ffmpeg_extension
    _load_lib(lib)
  File "D:\ai_jarvis\jarvis\lib\site-packages\torio\_extension\utils.py", line 94, in _load_lib
    torch.ops.load_library(path)
  File "D:\ai_jarvis\jarvis\lib\site-packages\torch\_ops.py", line 933, in load_library
    ctypes.CDLL(path)
  File "D:\python\lib\ctypes\__init__.py", line 374, in __init__
    self._handle = _dlopen(self._name, mode)
FileNotFoundError: Could not find module 'D:\ai_jarvis\jarvis\Lib\site-packages\torio\lib\libtorio_ffmpeg5.pyd' (or one of its dependencies). Try using the full path with constructor syntax.
RealTimeSTT: torio._extension.utils - DEBUG - Loading FFmpeg4
RealTimeSTT: torio._extension.utils - DEBUG - Failed to load FFmpeg4 extension.
Traceback (most recent call last):
  File "D:\ai_jarvis\jarvis\lib\site-packages\torio\_extension\utils.py", line 116, in _find_ffmpeg_extension
    ext = _find_versionsed_ffmpeg_extension(ffmpeg_ver)
  File "D:\ai_jarvis\jarvis\lib\site-packages\torio\_extension\utils.py", line 108, in _find_versionsed_ffmpeg_extension
    _load_lib(lib)
  File "D:\ai_jarvis\jarvis\lib\site-packages\torio\_extension\utils.py", line 94, in _load_lib
    torch.ops.load_library(path)
  File "D:\ai_jarvis\jarvis\lib\site-packages\torch\_ops.py", line 933, in load_library
    ctypes.CDLL(path)
  File "D:\python\lib\ctypes\__init__.py", line 374, in __init__
    self._handle = _dlopen(self._name, mode)
FileNotFoundError: Could not find module 'D:\ai_jarvis\jarvis\Lib\site-packages\torio\lib\libtorio_ffmpeg4.pyd' (or one of its dependencies). Try using the full path with constructor syntax.
RealTimeSTT: torio._extension.utils - DEBUG - Loading FFmpeg
RealTimeSTT: torio._extension.utils - DEBUG - Failed to load FFmpeg extension.
Traceback (most recent call last):
  File "D:\ai_jarvis\jarvis\lib\site-packages\torio\_extension\utils.py", line 116, in _find_ffmpeg_extension
    ext = _find_versionsed_ffmpeg_extension(ffmpeg_ver)
  File "D:\ai_jarvis\jarvis\lib\site-packages\torio\_extension\utils.py", line 106, in _find_versionsed_ffmpeg_extension
    raise RuntimeError(f"FFmpeg{version} extension is not available.")
RuntimeError: FFmpeg extension is not available.
RealTimeSTT: root - DEBUG - Silero VAD voice activity detection engine initialized successfully
RealTimeSTT: root - DEBUG - Starting recording worker
RealTimeSTT: root - DEBUG - Starting realtime worker
RealTimeSTT: root - DEBUG - Waiting for main transcription model to start
RealTimeSTT: root - DEBUG - Main transcription model ready
RealTimeSTT: root - DEBUG - RealtimeSTT initialization completed successfully
RealTimeSTT: root - INFO - voice activity detected
RealTimeSTT: root - INFO - recording started
RealTimeSTT: root - INFO - voice deactivity detected
RealTimeSTT: root - INFO - recording stopped
RealTimeSTT: root - DEBUG - Finishing recording thread
RealTimeSTT: root - DEBUG - Terminating reader process
RealTimeSTT: root - DEBUG - Terminating transcription process
RealTimeSTT: root - DEBUG - Finishing realtime thread
RealTimeSTT: root - INFO - Starting RealTimeSTT
RealTimeSTT: root - INFO - Initializing audio recording (creating pyAudio input stream, sample rate: 16000 buffer size: 512
RealTimeSTT: root - DEBUG - Porcupine wake word detection engine initialized successfully
RealTimeSTT: root - INFO - Initializing WebRTC voice with Sensitivity 3
RealTimeSTT: root - DEBUG - WebRTC VAD voice activity detection engine initialized successfully
RealTimeSTT: torio._extension.utils - DEBUG - Loading FFmpeg6
RealTimeSTT: torio._extension.utils - DEBUG - Failed to load FFmpeg6 extension.
Traceback (most recent call last):
  File "D:\ai_jarvis\jarvis\lib\site-packages\torio\_extension\utils.py", line 116, in _find_ffmpeg_extension
    ext = _find_versionsed_ffmpeg_extension(ffmpeg_ver)
  File "D:\ai_jarvis\jarvis\lib\site-packages\torio\_extension\utils.py", line 108, in _find_versionsed_ffmpeg_extension
    _load_lib(lib)
  File "D:\ai_jarvis\jarvis\lib\site-packages\torio\_extension\utils.py", line 94, in _load_lib
    torch.ops.load_library(path)
  File "D:\ai_jarvis\jarvis\lib\site-packages\torch\_ops.py", line 933, in load_library
    ctypes.CDLL(path)
  File "D:\python\lib\ctypes\__init__.py", line 374, in __init__
    self._handle = _dlopen(self._name, mode)
FileNotFoundError: Could not find module 'D:\ai_jarvis\jarvis\Lib\site-packages\torio\lib\libtorio_ffmpeg6.pyd' (or one of its dependencies). Try using the full path with constructor syntax.
RealTimeSTT: torio._extension.utils - DEBUG - Loading FFmpeg5
RealTimeSTT: torio._extension.utils - DEBUG - Failed to load FFmpeg5 extension.
Traceback (most recent call last):
  File "D:\ai_jarvis\jarvis\lib\site-packages\torio\_extension\utils.py", line 116, in _find_ffmpeg_extension
    ext = _find_versionsed_ffmpeg_extension(ffmpeg_ver)
  File "D:\ai_jarvis\jarvis\lib\site-packages\torio\_extension\utils.py", line 108, in _find_versionsed_ffmpeg_extension
    _load_lib(lib)
  File "D:\ai_jarvis\jarvis\lib\site-packages\torio\_extension\utils.py", line 94, in _load_lib
    torch.ops.load_library(path)
  File "D:\ai_jarvis\jarvis\lib\site-packages\torch\_ops.py", line 933, in load_library
    ctypes.CDLL(path)
  File "D:\python\lib\ctypes\__init__.py", line 374, in __init__
    self._handle = _dlopen(self._name, mode)
FileNotFoundError: Could not find module 'D:\ai_jarvis\jarvis\Lib\site-packages\torio\lib\libtorio_ffmpeg5.pyd' (or one of its dependencies). Try using the full path with constructor syntax.
RealTimeSTT: torio._extension.utils - DEBUG - Loading FFmpeg4
RealTimeSTT: torio._extension.utils - DEBUG - Failed to load FFmpeg4 extension.
Traceback (most recent call last):
  File "D:\ai_jarvis\jarvis\lib\site-packages\torio\_extension\utils.py", line 116, in _find_ffmpeg_extension
    ext = _find_versionsed_ffmpeg_extension(ffmpeg_ver)
  File "D:\ai_jarvis\jarvis\lib\site-packages\torio\_extension\utils.py", line 108, in _find_versionsed_ffmpeg_extension
    _load_lib(lib)
  File "D:\ai_jarvis\jarvis\lib\site-packages\torio\_extension\utils.py", line 94, in _load_lib
    torch.ops.load_library(path)
  File "D:\ai_jarvis\jarvis\lib\site-packages\torch\_ops.py", line 933, in load_library
    ctypes.CDLL(path)
  File "D:\python\lib\ctypes\__init__.py", line 374, in __init__
    self._handle = _dlopen(self._name, mode)
FileNotFoundError: Could not find module 'D:\ai_jarvis\jarvis\Lib\site-packages\torio\lib\libtorio_ffmpeg4.pyd' (or one of its dependencies). Try using the full path with constructor syntax.
RealTimeSTT: torio._extension.utils - DEBUG - Loading FFmpeg
RealTimeSTT: torio._extension.utils - DEBUG - Failed to load FFmpeg extension.
Traceback (most recent call last):
  File "D:\ai_jarvis\jarvis\lib\site-packages\torio\_extension\utils.py", line 116, in _find_ffmpeg_extension
    ext = _find_versionsed_ffmpeg_extension(ffmpeg_ver)
  File "D:\ai_jarvis\jarvis\lib\site-packages\torio\_extension\utils.py", line 106, in _find_versionsed_ffmpeg_extension
    raise RuntimeError(f"FFmpeg{version} extension is not available.")
RuntimeError: FFmpeg extension is not available.
RealTimeSTT: root - DEBUG - Silero VAD voice activity detection engine initialized successfully
RealTimeSTT: root - DEBUG - Starting recording worker
RealTimeSTT: root - DEBUG - Starting realtime worker
RealTimeSTT: root - DEBUG - Waiting for main transcription model to start
RealTimeSTT: root - DEBUG - Main transcription model ready
RealTimeSTT: root - DEBUG - RealtimeSTT initialization completed successfully
RealTimeSTT: root - INFO - voice activity detected
RealTimeSTT: root - INFO - recording started
RealTimeSTT: root - INFO - voice deactivity detected
RealTimeSTT: root - INFO - recording stopped
RealTimeSTT: root - DEBUG - Finishing recording thread
RealTimeSTT: root - DEBUG - Terminating reader process
RealTimeSTT: root - DEBUG - Terminating transcription process
RealTimeSTT: root - DEBUG - Finishing realtime thread
RealTimeSTT: root - INFO - Starting RealTimeSTT
RealTimeSTT: root - INFO - Starting RealTimeSTT
RealTimeSTT: root - INFO - Initializing audio recording (creating pyAudio input stream, sample rate: 16000 buffer size: 512
RealTimeSTT: root - INFO - Initializing audio recording (creating pyAudio input stream, sample rate: 16000 buffer size: 512
RealTimeSTT: root - DEBUG - Porcupine wake word detection engine initialized successfully
RealTimeSTT: root - DEBUG - Porcupine wake word detection engine initialized successfully
RealTimeSTT: root - INFO - Initializing WebRTC voice with Sensitivity 3
RealTimeSTT: root - INFO - Initializing WebRTC voice with Sensitivity 3
RealTimeSTT: root - DEBUG - WebRTC VAD voice activity detection engine initialized successfully
RealTimeSTT: root - DEBUG - WebRTC VAD voice activity detection engine initialized successfully
RealTimeSTT: root - DEBUG - Silero VAD voice activity detection engine initialized successfully
RealTimeSTT: root - DEBUG - Silero VAD voice activity detection engine initialized successfully
RealTimeSTT: root - DEBUG - Starting recording worker
RealTimeSTT: root - DEBUG - Starting recording worker
RealTimeSTT: root - DEBUG - Starting realtime worker
RealTimeSTT: root - DEBUG - Waiting for main transcription model to start
RealTimeSTT: root - DEBUG - Starting realtime worker
RealTimeSTT: root - DEBUG - Waiting for main transcription model to start
RealTimeSTT: root - DEBUG - Main transcription model ready
RealTimeSTT: root - DEBUG - Main transcription model ready
RealTimeSTT: root - DEBUG - RealtimeSTT initialization completed successfully
RealTimeSTT: root - DEBUG - RealtimeSTT initialization completed successfully
RealTimeSTT: root - INFO - voice activity detected
RealTimeSTT: root - INFO - voice activity detected
RealTimeSTT: root - INFO - recording started
RealTimeSTT: root - INFO - recording started
RealTimeSTT: root - INFO - voice deactivity detected
RealTimeSTT: root - INFO - voice deactivity detected
RealTimeSTT: root - INFO - recording stopped
RealTimeSTT: root - INFO - recording stopped
RealTimeSTT: root - DEBUG - Finishing recording thread
RealTimeSTT: root - DEBUG - Finishing recording thread
RealTimeSTT: root - DEBUG - Terminating reader process
RealTimeSTT: root - DEBUG - Terminating reader process
RealTimeSTT: root - DEBUG - Terminating transcription process
RealTimeSTT: root - DEBUG - Terminating transcription process
RealTimeSTT: root - DEBUG - Finishing realtime thread
RealTimeSTT: root - DEBUG - Finishing realtime thread
RealTimeSTT: root - INFO - Starting RealTimeSTT
RealTimeSTT: root - INFO - Starting RealTimeSTT
RealTimeSTT: root - INFO - Starting RealTimeSTT
RealTimeSTT: root - INFO - Initializing audio recording (creating pyAudio input stream, sample rate: 16000 buffer size: 512
RealTimeSTT: root - INFO - Initializing audio recording (creating pyAudio input stream, sample rate: 16000 buffer size: 512
RealTimeSTT: root - INFO - Initializing audio recording (creating pyAudio input stream, sample rate: 16000 buffer size: 512
RealTimeSTT: root - DEBUG - Porcupine wake word detection engine initialized successfully
RealTimeSTT: root - DEBUG - Porcupine wake word detection engine initialized successfully
RealTimeSTT: root - DEBUG - Porcupine wake word detection engine initialized successfully
RealTimeSTT: root - INFO - Initializing WebRTC voice with Sensitivity 3
RealTimeSTT: root - INFO - Initializing WebRTC voice with Sensitivity 3
RealTimeSTT: root - INFO - Initializing WebRTC voice with Sensitivity 3
RealTimeSTT: root - DEBUG - WebRTC VAD voice activity detection engine initialized successfully
RealTimeSTT: root - DEBUG - WebRTC VAD voice activity detection engine initialized successfully
RealTimeSTT: root - DEBUG - WebRTC VAD voice activity detection engine initialized successfully
RealTimeSTT: root - DEBUG - Silero VAD voice activity detection engine initialized successfully
RealTimeSTT: root - DEBUG - Silero VAD voice activity detection engine initialized successfully
RealTimeSTT: root - DEBUG - Silero VAD voice activity detection engine initialized successfully
RealTimeSTT: root - DEBUG - Starting recording worker
RealTimeSTT: root - DEBUG - Starting recording worker
RealTimeSTT: root - DEBUG - Starting realtime worker
RealTimeSTT: root - DEBUG - Waiting for main transcription model to start
RealTimeSTT: root - DEBUG - Starting recording worker
RealTimeSTT: root - DEBUG - Starting realtime worker
RealTimeSTT: root - DEBUG - Waiting for main transcription model to start
RealTimeSTT: root - DEBUG - Starting realtime worker
RealTimeSTT: root - DEBUG - Waiting for main transcription model to start
RealTimeSTT: root - DEBUG - Main transcription model ready
RealTimeSTT: root - DEBUG - Main transcription model ready
RealTimeSTT: root - DEBUG - Main transcription model ready
RealTimeSTT: root - DEBUG - RealtimeSTT initialization completed successfully
RealTimeSTT: root - DEBUG - RealtimeSTT initialization completed successfully
RealTimeSTT: root - DEBUG - RealtimeSTT initialization completed successfully
RealTimeSTT: root - INFO - voice activity detected
RealTimeSTT: root - INFO - voice activity detected
RealTimeSTT: root - INFO - voice activity detected
RealTimeSTT: root - INFO - recording started
RealTimeSTT: root - INFO - recording started
RealTimeSTT: root - INFO - recording started
RealTimeSTT: root - INFO - voice deactivity detected
RealTimeSTT: root - INFO - voice deactivity detected
RealTimeSTT: root - INFO - voice deactivity detected
RealTimeSTT: root - INFO - recording stopped
RealTimeSTT: root - INFO - recording stopped
RealTimeSTT: root - INFO - recording stopped
RealTimeSTT: root - DEBUG - Finishing recording thread
RealTimeSTT: root - DEBUG - Finishing recording thread
RealTimeSTT: root - DEBUG - Finishing recording thread
RealTimeSTT: root - DEBUG - Terminating reader process
RealTimeSTT: root - DEBUG - Terminating reader process
RealTimeSTT: root - DEBUG - Terminating reader process
RealTimeSTT: root - DEBUG - Terminating transcription process
RealTimeSTT: root - DEBUG - Terminating transcription process
RealTimeSTT: root - DEBUG - Terminating transcription process
RealTimeSTT: root - DEBUG - Finishing realtime thread
RealTimeSTT: root - DEBUG - Finishing realtime thread
RealTimeSTT: root - DEBUG - Finishing realtime thread
RealTimeSTT: root - INFO - Starting RealTimeSTT
RealTimeSTT: root - INFO - Starting RealTimeSTT
RealTimeSTT: root - INFO - Starting RealTimeSTT
RealTimeSTT: root - INFO - Starting RealTimeSTT
RealTimeSTT: root - INFO - Initializing audio recording (creating pyAudio input stream, sample rate: 16000 buffer size: 512
RealTimeSTT: root - INFO - Initializing audio recording (creating pyAudio input stream, sample rate: 16000 buffer size: 512
RealTimeSTT: root - INFO - Initializing audio recording (creating pyAudio input stream, sample rate: 16000 buffer size: 512
RealTimeSTT: root - INFO - Initializing audio recording (creating pyAudio input stream, sample rate: 16000 buffer size: 512
RealTimeSTT: root - DEBUG - Porcupine wake word detection engine initialized successfully
RealTimeSTT: root - DEBUG - Porcupine wake word detection engine initialized successfully
RealTimeSTT: root - DEBUG - Porcupine wake word detection engine initialized successfully
RealTimeSTT: root - DEBUG - Porcupine wake word detection engine initialized successfully
RealTimeSTT: root - INFO - Initializing WebRTC voice with Sensitivity 3
RealTimeSTT: root - INFO - Initializing WebRTC voice with Sensitivity 3
RealTimeSTT: root - INFO - Initializing WebRTC voice with Sensitivity 3
RealTimeSTT: root - INFO - Initializing WebRTC voice with Sensitivity 3
RealTimeSTT: root - DEBUG - WebRTC VAD voice activity detection engine initialized successfully
RealTimeSTT: root - DEBUG - WebRTC VAD voice activity detection engine initialized successfully
RealTimeSTT: root - DEBUG - WebRTC VAD voice activity detection engine initialized successfully
RealTimeSTT: root - DEBUG - WebRTC VAD voice activity detection engine initialized successfully
RealTimeSTT: root - DEBUG - Silero VAD voice activity detection engine initialized successfully
RealTimeSTT: root - DEBUG - Silero VAD voice activity detection engine initialized successfully
RealTimeSTT: root - DEBUG - Silero VAD voice activity detection engine initialized successfully
RealTimeSTT: root - DEBUG - Silero VAD voice activity detection engine initialized successfully
RealTimeSTT: root - DEBUG - Starting recording worker
RealTimeSTT: root - DEBUG - Starting recording worker
RealTimeSTT: root - DEBUG - Starting recording worker
RealTimeSTT: root - DEBUG - Starting realtime worker
RealTimeSTT: root - DEBUG - Waiting for main transcription model to start
RealTimeSTT: root - DEBUG - Starting recording worker
RealTimeSTT: root - DEBUG - Starting realtime worker
RealTimeSTT: root - DEBUG - Waiting for main transcription model to start
RealTimeSTT: root - DEBUG - Starting realtime worker
RealTimeSTT: root - DEBUG - Starting realtime worker
RealTimeSTT: root - DEBUG - Waiting for main transcription model to start
RealTimeSTT: root - DEBUG - Waiting for main transcription model to start
RealTimeSTT: root - DEBUG - Main transcription model ready
RealTimeSTT: root - DEBUG - Main transcription model ready
RealTimeSTT: root - DEBUG - Main transcription model ready
RealTimeSTT: root - DEBUG - Main transcription model ready
RealTimeSTT: root - DEBUG - RealtimeSTT initialization completed successfully
RealTimeSTT: root - DEBUG - RealtimeSTT initialization completed successfully
RealTimeSTT: root - DEBUG - RealtimeSTT initialization completed successfully
RealTimeSTT: root - DEBUG - RealtimeSTT initialization completed successfully
RealTimeSTT: root - DEBUG - Finishing recording thread
RealTimeSTT: root - DEBUG - Finishing recording thread
RealTimeSTT: root - DEBUG - Finishing recording thread
RealTimeSTT: root - DEBUG - Finishing recording thread
RealTimeSTT: root - INFO - Starting RealTimeSTT
RealTimeSTT: root - INFO - Initializing audio recording (creating pyAudio input stream, sample rate: 16000 buffer size: 512
RealTimeSTT: root - DEBUG - Porcupine wake word detection engine initialized successfully
RealTimeSTT: root - INFO - Initializing WebRTC voice with Sensitivity 3
RealTimeSTT: root - DEBUG - WebRTC VAD voice activity detection engine initialized successfully
RealTimeSTT: torio._extension.utils - DEBUG - Loading FFmpeg6
RealTimeSTT: torio._extension.utils - DEBUG - Failed to load FFmpeg6 extension.
Traceback (most recent call last):
  File "D:\ai_jarvis\jarvis\lib\site-packages\torio\_extension\utils.py", line 116, in _find_ffmpeg_extension
    ext = _find_versionsed_ffmpeg_extension(ffmpeg_ver)
  File "D:\ai_jarvis\jarvis\lib\site-packages\torio\_extension\utils.py", line 108, in _find_versionsed_ffmpeg_extension
    _load_lib(lib)
  File "D:\ai_jarvis\jarvis\lib\site-packages\torio\_extension\utils.py", line 94, in _load_lib
    torch.ops.load_library(path)
  File "D:\ai_jarvis\jarvis\lib\site-packages\torch\_ops.py", line 933, in load_library
    ctypes.CDLL(path)
  File "D:\python\lib\ctypes\__init__.py", line 374, in __init__
    self._handle = _dlopen(self._name, mode)
FileNotFoundError: Could not find module 'D:\ai_jarvis\jarvis\Lib\site-packages\torio\lib\libtorio_ffmpeg6.pyd' (or one of its dependencies). Try using the full path with constructor syntax.
RealTimeSTT: torio._extension.utils - DEBUG - Loading FFmpeg5
RealTimeSTT: torio._extension.utils - DEBUG - Failed to load FFmpeg5 extension.
Traceback (most recent call last):
  File "D:\ai_jarvis\jarvis\lib\site-packages\torio\_extension\utils.py", line 116, in _find_ffmpeg_extension
    ext = _find_versionsed_ffmpeg_extension(ffmpeg_ver)
  File "D:\ai_jarvis\jarvis\lib\site-packages\torio\_extension\utils.py", line 108, in _find_versionsed_ffmpeg_extension
    _load_lib(lib)
  File "D:\ai_jarvis\jarvis\lib\site-packages\torio\_extension\utils.py", line 94, in _load_lib
    torch.ops.load_library(path)
  File "D:\ai_jarvis\jarvis\lib\site-packages\torch\_ops.py", line 933, in load_library
    ctypes.CDLL(path)
  File "D:\python\lib\ctypes\__init__.py", line 374, in __init__
    self._handle = _dlopen(self._name, mode)
FileNotFoundError: Could not find module 'D:\ai_jarvis\jarvis\Lib\site-packages\torio\lib\libtorio_ffmpeg5.pyd' (or one of its dependencies). Try using the full path with constructor syntax.
RealTimeSTT: torio._extension.utils - DEBUG - Loading FFmpeg4
RealTimeSTT: torio._extension.utils - DEBUG - Failed to load FFmpeg4 extension.
Traceback (most recent call last):
  File "D:\ai_jarvis\jarvis\lib\site-packages\torio\_extension\utils.py", line 116, in _find_ffmpeg_extension
    ext = _find_versionsed_ffmpeg_extension(ffmpeg_ver)
  File "D:\ai_jarvis\jarvis\lib\site-packages\torio\_extension\utils.py", line 108, in _find_versionsed_ffmpeg_extension
    _load_lib(lib)
  File "D:\ai_jarvis\jarvis\lib\site-packages\torio\_extension\utils.py", line 94, in _load_lib
    torch.ops.load_library(path)
  File "D:\ai_jarvis\jarvis\lib\site-packages\torch\_ops.py", line 933, in load_library
    ctypes.CDLL(path)
  File "D:\python\lib\ctypes\__init__.py", line 374, in __init__
    self._handle = _dlopen(self._name, mode)
FileNotFoundError: Could not find module 'D:\ai_jarvis\jarvis\Lib\site-packages\torio\lib\libtorio_ffmpeg4.pyd' (or one of its dependencies). Try using the full path with constructor syntax.
RealTimeSTT: torio._extension.utils - DEBUG - Loading FFmpeg
RealTimeSTT: torio._extension.utils - DEBUG - Failed to load FFmpeg extension.
Traceback (most recent call last):
  File "D:\ai_jarvis\jarvis\lib\site-packages\torio\_extension\utils.py", line 116, in _find_ffmpeg_extension
    ext = _find_versionsed_ffmpeg_extension(ffmpeg_ver)
  File "D:\ai_jarvis\jarvis\lib\site-packages\torio\_extension\utils.py", line 106, in _find_versionsed_ffmpeg_extension
    raise RuntimeError(f"FFmpeg{version} extension is not available.")
RuntimeError: FFmpeg extension is not available.
RealTimeSTT: root - DEBUG - Silero VAD voice activity detection engine initialized successfully
RealTimeSTT: root - DEBUG - Starting recording worker
RealTimeSTT: root - DEBUG - Starting realtime worker
RealTimeSTT: root - DEBUG - Waiting for main transcription model to start
RealTimeSTT: root - DEBUG - Main transcription model ready
RealTimeSTT: root - DEBUG - RealtimeSTT initialization completed successfully
RealTimeSTT: root - INFO - voice activity detected
RealTimeSTT: root - INFO - recording started
RealTimeSTT: root - INFO - voice deactivity detected
RealTimeSTT: root - INFO - recording stopped
RealTimeSTT: root - DEBUG - Finishing recording thread
RealTimeSTT: root - DEBUG - Terminating reader process
RealTimeSTT: root - DEBUG - Terminating transcription process
RealTimeSTT: root - DEBUG - Finishing realtime thread
RealTimeSTT: root - INFO - Starting RealTimeSTT
RealTimeSTT: root - INFO - Initializing audio recording (creating pyAudio input stream, sample rate: 16000 buffer size: 512
RealTimeSTT: root - DEBUG - Porcupine wake word detection engine initialized successfully
RealTimeSTT: root - INFO - Initializing WebRTC voice with Sensitivity 3
RealTimeSTT: root - DEBUG - WebRTC VAD voice activity detection engine initialized successfully
RealTimeSTT: torio._extension.utils - DEBUG - Loading FFmpeg6
RealTimeSTT: torio._extension.utils - DEBUG - Failed to load FFmpeg6 extension.
Traceback (most recent call last):
  File "D:\ai_jarvis\jarvis\lib\site-packages\torio\_extension\utils.py", line 116, in _find_ffmpeg_extension
    ext = _find_versionsed_ffmpeg_extension(ffmpeg_ver)
  File "D:\ai_jarvis\jarvis\lib\site-packages\torio\_extension\utils.py", line 108, in _find_versionsed_ffmpeg_extension
    _load_lib(lib)
  File "D:\ai_jarvis\jarvis\lib\site-packages\torio\_extension\utils.py", line 94, in _load_lib
    torch.ops.load_library(path)
  File "D:\ai_jarvis\jarvis\lib\site-packages\torch\_ops.py", line 933, in load_library
    ctypes.CDLL(path)
  File "D:\python\lib\ctypes\__init__.py", line 374, in __init__
    self._handle = _dlopen(self._name, mode)
FileNotFoundError: Could not find module 'D:\ai_jarvis\jarvis\Lib\site-packages\torio\lib\libtorio_ffmpeg6.pyd' (or one of its dependencies). Try using the full path with constructor syntax.
RealTimeSTT: torio._extension.utils - DEBUG - Loading FFmpeg5
RealTimeSTT: torio._extension.utils - DEBUG - Failed to load FFmpeg5 extension.
Traceback (most recent call last):
  File "D:\ai_jarvis\jarvis\lib\site-packages\torio\_extension\utils.py", line 116, in _find_ffmpeg_extension
    ext = _find_versionsed_ffmpeg_extension(ffmpeg_ver)
  File "D:\ai_jarvis\jarvis\lib\site-packages\torio\_extension\utils.py", line 108, in _find_versionsed_ffmpeg_extension
    _load_lib(lib)
  File "D:\ai_jarvis\jarvis\lib\site-packages\torio\_extension\utils.py", line 94, in _load_lib
    torch.ops.load_library(path)
  File "D:\ai_jarvis\jarvis\lib\site-packages\torch\_ops.py", line 933, in load_library
    ctypes.CDLL(path)
  File "D:\python\lib\ctypes\__init__.py", line 374, in __init__
    self._handle = _dlopen(self._name, mode)
FileNotFoundError: Could not find module 'D:\ai_jarvis\jarvis\Lib\site-packages\torio\lib\libtorio_ffmpeg5.pyd' (or one of its dependencies). Try using the full path with constructor syntax.
RealTimeSTT: torio._extension.utils - DEBUG - Loading FFmpeg4
RealTimeSTT: torio._extension.utils - DEBUG - Failed to load FFmpeg4 extension.
Traceback (most recent call last):
  File "D:\ai_jarvis\jarvis\lib\site-packages\torio\_extension\utils.py", line 116, in _find_ffmpeg_extension
    ext = _find_versionsed_ffmpeg_extension(ffmpeg_ver)
  File "D:\ai_jarvis\jarvis\lib\site-packages\torio\_extension\utils.py", line 108, in _find_versionsed_ffmpeg_extension
    _load_lib(lib)
  File "D:\ai_jarvis\jarvis\lib\site-packages\torio\_extension\utils.py", line 94, in _load_lib
    torch.ops.load_library(path)
  File "D:\ai_jarvis\jarvis\lib\site-packages\torch\_ops.py", line 933, in load_library
    ctypes.CDLL(path)
  File "D:\python\lib\ctypes\__init__.py", line 374, in __init__
    self._handle = _dlopen(self._name, mode)
FileNotFoundError: Could not find module 'D:\ai_jarvis\jarvis\Lib\site-packages\torio\lib\libtorio_ffmpeg4.pyd' (or one of its dependencies). Try using the full path with constructor syntax.
RealTimeSTT: torio._extension.utils - DEBUG - Loading FFmpeg
RealTimeSTT: torio._extension.utils - DEBUG - Failed to load FFmpeg extension.
Traceback (most recent call last):
  File "D:\ai_jarvis\jarvis\lib\site-packages\torio\_extension\utils.py", line 116, in _find_ffmpeg_extension
    ext = _find_versionsed_ffmpeg_extension(ffmpeg_ver)
  File "D:\ai_jarvis\jarvis\lib\site-packages\torio\_extension\utils.py", line 106, in _find_versionsed_ffmpeg_extension
    raise RuntimeError(f"FFmpeg{version} extension is not available.")
RuntimeError: FFmpeg extension is not available.
RealTimeSTT: root - DEBUG - Silero VAD voice activity detection engine initialized successfully
RealTimeSTT: root - DEBUG - Starting recording worker
RealTimeSTT: root - DEBUG - Starting realtime worker
RealTimeSTT: root - DEBUG - Waiting for main transcription model to start
RealTimeSTT: root - DEBUG - Main transcription model ready
RealTimeSTT: root - DEBUG - RealtimeSTT initialization completed successfully
RealTimeSTT: root - INFO - voice activity detected
RealTimeSTT: root - INFO - recording started
RealTimeSTT: root - INFO - voice deactivity detected
RealTimeSTT: root - INFO - recording stopped
RealTimeSTT: root - DEBUG - Finishing recording thread
RealTimeSTT: root - DEBUG - Terminating reader process
RealTimeSTT: root - DEBUG - Terminating transcription process
RealTimeSTT: root - DEBUG - Finishing realtime thread
RealTimeSTT: root - INFO - Starting RealTimeSTT
RealTimeSTT: root - INFO - Initializing audio recording (creating pyAudio input stream, sample rate: 16000 buffer size: 512
RealTimeSTT: root - DEBUG - Porcupine wake word detection engine initialized successfully
RealTimeSTT: root - INFO - Initializing WebRTC voice with Sensitivity 3
RealTimeSTT: root - DEBUG - WebRTC VAD voice activity detection engine initialized successfully
RealTimeSTT: torio._extension.utils - DEBUG - Loading FFmpeg6
RealTimeSTT: torio._extension.utils - DEBUG - Failed to load FFmpeg6 extension.
Traceback (most recent call last):
  File "D:\ai_jarvis\jarvis\lib\site-packages\torio\_extension\utils.py", line 116, in _find_ffmpeg_extension
    ext = _find_versionsed_ffmpeg_extension(ffmpeg_ver)
  File "D:\ai_jarvis\jarvis\lib\site-packages\torio\_extension\utils.py", line 108, in _find_versionsed_ffmpeg_extension
    _load_lib(lib)
  File "D:\ai_jarvis\jarvis\lib\site-packages\torio\_extension\utils.py", line 94, in _load_lib
    torch.ops.load_library(path)
  File "D:\ai_jarvis\jarvis\lib\site-packages\torch\_ops.py", line 933, in load_library
    ctypes.CDLL(path)
  File "D:\python\lib\ctypes\__init__.py", line 374, in __init__
    self._handle = _dlopen(self._name, mode)
FileNotFoundError: Could not find module 'D:\ai_jarvis\jarvis\Lib\site-packages\torio\lib\libtorio_ffmpeg6.pyd' (or one of its dependencies). Try using the full path with constructor syntax.
RealTimeSTT: torio._extension.utils - DEBUG - Loading FFmpeg5
RealTimeSTT: torio._extension.utils - DEBUG - Failed to load FFmpeg5 extension.
Traceback (most recent call last):
  File "D:\ai_jarvis\jarvis\lib\site-packages\torio\_extension\utils.py", line 116, in _find_ffmpeg_extension
    ext = _find_versionsed_ffmpeg_extension(ffmpeg_ver)
  File "D:\ai_jarvis\jarvis\lib\site-packages\torio\_extension\utils.py", line 108, in _find_versionsed_ffmpeg_extension
    _load_lib(lib)
  File "D:\ai_jarvis\jarvis\lib\site-packages\torio\_extension\utils.py", line 94, in _load_lib
    torch.ops.load_library(path)
  File "D:\ai_jarvis\jarvis\lib\site-packages\torch\_ops.py", line 933, in load_library
    ctypes.CDLL(path)
  File "D:\python\lib\ctypes\__init__.py", line 374, in __init__
    self._handle = _dlopen(self._name, mode)
FileNotFoundError: Could not find module 'D:\ai_jarvis\jarvis\Lib\site-packages\torio\lib\libtorio_ffmpeg5.pyd' (or one of its dependencies). Try using the full path with constructor syntax.
RealTimeSTT: torio._extension.utils - DEBUG - Loading FFmpeg4
RealTimeSTT: torio._extension.utils - DEBUG - Failed to load FFmpeg4 extension.
Traceback (most recent call last):
  File "D:\ai_jarvis\jarvis\lib\site-packages\torio\_extension\utils.py", line 116, in _find_ffmpeg_extension
    ext = _find_versionsed_ffmpeg_extension(ffmpeg_ver)
  File "D:\ai_jarvis\jarvis\lib\site-packages\torio\_extension\utils.py", line 108, in _find_versionsed_ffmpeg_extension
    _load_lib(lib)
  File "D:\ai_jarvis\jarvis\lib\site-packages\torio\_extension\utils.py", line 94, in _load_lib
    torch.ops.load_library(path)
  File "D:\ai_jarvis\jarvis\lib\site-packages\torch\_ops.py", line 933, in load_library
    ctypes.CDLL(path)
  File "D:\python\lib\ctypes\__init__.py", line 374, in __init__
    self._handle = _dlopen(self._name, mode)
FileNotFoundError: Could not find module 'D:\ai_jarvis\jarvis\Lib\site-packages\torio\lib\libtorio_ffmpeg4.pyd' (or one of its dependencies). Try using the full path with constructor syntax.
RealTimeSTT: torio._extension.utils - DEBUG - Loading FFmpeg
RealTimeSTT: torio._extension.utils - DEBUG - Failed to load FFmpeg extension.
Traceback (most recent call last):
  File "D:\ai_jarvis\jarvis\lib\site-packages\torio\_extension\utils.py", line 116, in _find_ffmpeg_extension
    ext = _find_versionsed_ffmpeg_extension(ffmpeg_ver)
  File "D:\ai_jarvis\jarvis\lib\site-packages\torio\_extension\utils.py", line 106, in _find_versionsed_ffmpeg_extension
    raise RuntimeError(f"FFmpeg{version} extension is not available.")
RuntimeError: FFmpeg extension is not available.
RealTimeSTT: root - DEBUG - Silero VAD voice activity detection engine initialized successfully
RealTimeSTT: root - DEBUG - Starting recording worker
RealTimeSTT: root - DEBUG - Starting realtime worker
RealTimeSTT: root - DEBUG - Waiting for main transcription model to start
RealTimeSTT: root - DEBUG - Main transcription model ready
RealTimeSTT: root - DEBUG - RealtimeSTT initialization completed successfully
RealTimeSTT: root - INFO - voice activity detected
RealTimeSTT: root - INFO - recording started
RealTimeSTT: root - INFO - voice deactivity detected
RealTimeSTT: root - INFO - recording stopped
RealTimeSTT: root - DEBUG - Finishing recording thread
RealTimeSTT: root - DEBUG - Terminating reader process
RealTimeSTT: root - DEBUG - Terminating transcription process
RealTimeSTT: root - DEBUG - Finishing realtime thread
RealTimeSTT: root - INFO - Starting RealTimeSTT
RealTimeSTT: root - INFO - Initializing audio recording (creating pyAudio input stream, sample rate: 16000 buffer size: 512
RealTimeSTT: root - DEBUG - Porcupine wake word detection engine initialized successfully
RealTimeSTT: root - INFO - Initializing WebRTC voice with Sensitivity 3
RealTimeSTT: root - DEBUG - WebRTC VAD voice activity detection engine initialized successfully
RealTimeSTT: torio._extension.utils - DEBUG - Loading FFmpeg6
RealTimeSTT: torio._extension.utils - DEBUG - Failed to load FFmpeg6 extension.
Traceback (most recent call last):
  File "D:\ai_jarvis\jarvis_env\lib\site-packages\torio\_extension\utils.py", line 116, in _find_ffmpeg_extension
    ext = _find_versionsed_ffmpeg_extension(ffmpeg_ver)
  File "D:\ai_jarvis\jarvis_env\lib\site-packages\torio\_extension\utils.py", line 108, in _find_versionsed_ffmpeg_extension
    _load_lib(lib)
  File "D:\ai_jarvis\jarvis_env\lib\site-packages\torio\_extension\utils.py", line 94, in _load_lib
    torch.ops.load_library(path)
  File "D:\ai_jarvis\jarvis_env\lib\site-packages\torch\_ops.py", line 933, in load_library
    ctypes.CDLL(path)
  File "D:\python\lib\ctypes\__init__.py", line 374, in __init__
    self._handle = _dlopen(self._name, mode)
FileNotFoundError: Could not find module 'D:\ai_jarvis\jarvis_env\Lib\site-packages\torio\lib\libtorio_ffmpeg6.pyd' (or one of its dependencies). Try using the full path with constructor syntax.
RealTimeSTT: torio._extension.utils - DEBUG - Loading FFmpeg5
RealTimeSTT: torio._extension.utils - DEBUG - Failed to load FFmpeg5 extension.
Traceback (most recent call last):
  File "D:\ai_jarvis\jarvis_env\lib\site-packages\torio\_extension\utils.py", line 116, in _find_ffmpeg_extension
    ext = _find_versionsed_ffmpeg_extension(ffmpeg_ver)
  File "D:\ai_jarvis\jarvis_env\lib\site-packages\torio\_extension\utils.py", line 108, in _find_versionsed_ffmpeg_extension
    _load_lib(lib)
  File "D:\ai_jarvis\jarvis_env\lib\site-packages\torio\_extension\utils.py", line 94, in _load_lib
    torch.ops.load_library(path)
  File "D:\ai_jarvis\jarvis_env\lib\site-packages\torch\_ops.py", line 933, in load_library
    ctypes.CDLL(path)
  File "D:\python\lib\ctypes\__init__.py", line 374, in __init__
    self._handle = _dlopen(self._name, mode)
FileNotFoundError: Could not find module 'D:\ai_jarvis\jarvis_env\Lib\site-packages\torio\lib\libtorio_ffmpeg5.pyd' (or one of its dependencies). Try using the full path with constructor syntax.
RealTimeSTT: torio._extension.utils - DEBUG - Loading FFmpeg4
RealTimeSTT: torio._extension.utils - DEBUG - Failed to load FFmpeg4 extension.
Traceback (most recent call last):
  File "D:\ai_jarvis\jarvis_env\lib\site-packages\torio\_extension\utils.py", line 116, in _find_ffmpeg_extension
    ext = _find_versionsed_ffmpeg_extension(ffmpeg_ver)
  File "D:\ai_jarvis\jarvis_env\lib\site-packages\torio\_extension\utils.py", line 108, in _find_versionsed_ffmpeg_extension
    _load_lib(lib)
  File "D:\ai_jarvis\jarvis_env\lib\site-packages\torio\_extension\utils.py", line 94, in _load_lib
    torch.ops.load_library(path)
  File "D:\ai_jarvis\jarvis_env\lib\site-packages\torch\_ops.py", line 933, in load_library
    ctypes.CDLL(path)
  File "D:\python\lib\ctypes\__init__.py", line 374, in __init__
    self._handle = _dlopen(self._name, mode)
FileNotFoundError: Could not find module 'D:\ai_jarvis\jarvis_env\Lib\site-packages\torio\lib\libtorio_ffmpeg4.pyd' (or one of its dependencies). Try using the full path with constructor syntax.
RealTimeSTT: torio._extension.utils - DEBUG - Loading FFmpeg
RealTimeSTT: torio._extension.utils - DEBUG - Failed to load FFmpeg extension.
Traceback (most recent call last):
  File "D:\ai_jarvis\jarvis_env\lib\site-packages\torio\_extension\utils.py", line 116, in _find_ffmpeg_extension
    ext = _find_versionsed_ffmpeg_extension(ffmpeg_ver)
  File "D:\ai_jarvis\jarvis_env\lib\site-packages\torio\_extension\utils.py", line 106, in _find_versionsed_ffmpeg_extension
    raise RuntimeError(f"FFmpeg{version} extension is not available.")
RuntimeError: FFmpeg extension is not available.
RealTimeSTT: root - DEBUG - Silero VAD voice activity detection engine initialized successfully
RealTimeSTT: root - DEBUG - Starting recording worker
RealTimeSTT: root - DEBUG - Starting realtime worker
RealTimeSTT: root - DEBUG - Waiting for main transcription model to start
RealTimeSTT: root - DEBUG - Main transcription model ready
RealTimeSTT: root - DEBUG - RealtimeSTT initialization completed successfully
RealTimeSTT: root - INFO - voice activity detected
RealTimeSTT: root - INFO - recording started
RealTimeSTT: root - INFO - voice deactivity detected
RealTimeSTT: root - INFO - recording stopped
RealTimeSTT: root - DEBUG - Finishing recording thread
RealTimeSTT: root - DEBUG - Terminating reader process
RealTimeSTT: root - DEBUG - Terminating transcription process
RealTimeSTT: root - DEBUG - Finishing realtime thread
RealTimeSTT: root - INFO - Starting RealTimeSTT
RealTimeSTT: root - INFO - Initializing audio recording (creating pyAudio input stream, sample rate: 16000 buffer size: 512
RealTimeSTT: root - DEBUG - Porcupine wake word detection engine initialized successfully
RealTimeSTT: root - INFO - Initializing WebRTC voice with Sensitivity 3
RealTimeSTT: root - DEBUG - WebRTC VAD voice activity detection engine initialized successfully
RealTimeSTT: torio._extension.utils - DEBUG - Loading FFmpeg6
RealTimeSTT: torio._extension.utils - DEBUG - Failed to load FFmpeg6 extension.
Traceback (most recent call last):
  File "D:\ai_jarvis\jarvis_env\lib\site-packages\torio\_extension\utils.py", line 116, in _find_ffmpeg_extension
    ext = _find_versionsed_ffmpeg_extension(ffmpeg_ver)
  File "D:\ai_jarvis\jarvis_env\lib\site-packages\torio\_extension\utils.py", line 108, in _find_versionsed_ffmpeg_extension
    _load_lib(lib)
  File "D:\ai_jarvis\jarvis_env\lib\site-packages\torio\_extension\utils.py", line 94, in _load_lib
    torch.ops.load_library(path)
  File "D:\ai_jarvis\jarvis_env\lib\site-packages\torch\_ops.py", line 933, in load_library
    ctypes.CDLL(path)
  File "D:\python\lib\ctypes\__init__.py", line 374, in __init__
    self._handle = _dlopen(self._name, mode)
FileNotFoundError: Could not find module 'D:\ai_jarvis\jarvis_env\Lib\site-packages\torio\lib\libtorio_ffmpeg6.pyd' (or one of its dependencies). Try using the full path with constructor syntax.
RealTimeSTT: torio._extension.utils - DEBUG - Loading FFmpeg5
RealTimeSTT: torio._extension.utils - DEBUG - Failed to load FFmpeg5 extension.
Traceback (most recent call last):
  File "D:\ai_jarvis\jarvis_env\lib\site-packages\torio\_extension\utils.py", line 116, in _find_ffmpeg_extension
    ext = _find_versionsed_ffmpeg_extension(ffmpeg_ver)
  File "D:\ai_jarvis\jarvis_env\lib\site-packages\torio\_extension\utils.py", line 108, in _find_versionsed_ffmpeg_extension
    _load_lib(lib)
  File "D:\ai_jarvis\jarvis_env\lib\site-packages\torio\_extension\utils.py", line 94, in _load_lib
    torch.ops.load_library(path)
  File "D:\ai_jarvis\jarvis_env\lib\site-packages\torch\_ops.py", line 933, in load_library
    ctypes.CDLL(path)
  File "D:\python\lib\ctypes\__init__.py", line 374, in __init__
    self._handle = _dlopen(self._name, mode)
FileNotFoundError: Could not find module 'D:\ai_jarvis\jarvis_env\Lib\site-packages\torio\lib\libtorio_ffmpeg5.pyd' (or one of its dependencies). Try using the full path with constructor syntax.
RealTimeSTT: torio._extension.utils - DEBUG - Loading FFmpeg4
RealTimeSTT: torio._extension.utils - DEBUG - Failed to load FFmpeg4 extension.
Traceback (most recent call last):
  File "D:\ai_jarvis\jarvis_env\lib\site-packages\torio\_extension\utils.py", line 116, in _find_ffmpeg_extension
    ext = _find_versionsed_ffmpeg_extension(ffmpeg_ver)
  File "D:\ai_jarvis\jarvis_env\lib\site-packages\torio\_extension\utils.py", line 108, in _find_versionsed_ffmpeg_extension
    _load_lib(lib)
  File "D:\ai_jarvis\jarvis_env\lib\site-packages\torio\_extension\utils.py", line 94, in _load_lib
    torch.ops.load_library(path)
  File "D:\ai_jarvis\jarvis_env\lib\site-packages\torch\_ops.py", line 933, in load_library
    ctypes.CDLL(path)
  File "D:\python\lib\ctypes\__init__.py", line 374, in __init__
    self._handle = _dlopen(self._name, mode)
FileNotFoundError: Could not find module 'D:\ai_jarvis\jarvis_env\Lib\site-packages\torio\lib\libtorio_ffmpeg4.pyd' (or one of its dependencies). Try using the full path with constructor syntax.
RealTimeSTT: torio._extension.utils - DEBUG - Loading FFmpeg
RealTimeSTT: torio._extension.utils - DEBUG - Failed to load FFmpeg extension.
Traceback (most recent call last):
  File "D:\ai_jarvis\jarvis_env\lib\site-packages\torio\_extension\utils.py", line 116, in _find_ffmpeg_extension
    ext = _find_versionsed_ffmpeg_extension(ffmpeg_ver)
  File "D:\ai_jarvis\jarvis_env\lib\site-packages\torio\_extension\utils.py", line 106, in _find_versionsed_ffmpeg_extension
    raise RuntimeError(f"FFmpeg{version} extension is not available.")
RuntimeError: FFmpeg extension is not available.
RealTimeSTT: root - DEBUG - Silero VAD voice activity detection engine initialized successfully
RealTimeSTT: root - DEBUG - Starting recording worker
RealTimeSTT: root - DEBUG - Starting realtime worker
RealTimeSTT: root - DEBUG - Waiting for main transcription model to start
RealTimeSTT: root - DEBUG - Main transcription model ready
RealTimeSTT: root - DEBUG - RealtimeSTT initialization completed successfully
RealTimeSTT: root - INFO - voice activity detected
RealTimeSTT: root - INFO - recording started
RealTimeSTT: root - INFO - voice deactivity detected
RealTimeSTT: root - INFO - recording stopped
RealTimeSTT: root - DEBUG - Finishing recording thread
RealTimeSTT: root - DEBUG - Terminating reader process
RealTimeSTT: root - DEBUG - Terminating transcription process
RealTimeSTT: root - DEBUG - Finishing realtime thread
RealTimeSTT: root - INFO - Starting RealTimeSTT
RealTimeSTT: root - INFO - Initializing audio recording (creating pyAudio input stream, sample rate: 16000 buffer size: 512
RealTimeSTT: root - DEBUG - Porcupine wake word detection engine initialized successfully
RealTimeSTT: root - INFO - Initializing WebRTC voice with Sensitivity 3
RealTimeSTT: root - DEBUG - WebRTC VAD voice activity detection engine initialized successfully
RealTimeSTT: torio._extension.utils - DEBUG - Loading FFmpeg6
RealTimeSTT: torio._extension.utils - DEBUG - Failed to load FFmpeg6 extension.
Traceback (most recent call last):
  File "D:\ai_jarvis\jarvis_env\lib\site-packages\torio\_extension\utils.py", line 116, in _find_ffmpeg_extension
    ext = _find_versionsed_ffmpeg_extension(ffmpeg_ver)
  File "D:\ai_jarvis\jarvis_env\lib\site-packages\torio\_extension\utils.py", line 108, in _find_versionsed_ffmpeg_extension
    _load_lib(lib)
  File "D:\ai_jarvis\jarvis_env\lib\site-packages\torio\_extension\utils.py", line 94, in _load_lib
    torch.ops.load_library(path)
  File "D:\ai_jarvis\jarvis_env\lib\site-packages\torch\_ops.py", line 933, in load_library
    ctypes.CDLL(path)
  File "D:\python\lib\ctypes\__init__.py", line 374, in __init__
    self._handle = _dlopen(self._name, mode)
FileNotFoundError: Could not find module 'D:\ai_jarvis\jarvis_env\Lib\site-packages\torio\lib\libtorio_ffmpeg6.pyd' (or one of its dependencies). Try using the full path with constructor syntax.
RealTimeSTT: torio._extension.utils - DEBUG - Loading FFmpeg5
RealTimeSTT: torio._extension.utils - DEBUG - Failed to load FFmpeg5 extension.
Traceback (most recent call last):
  File "D:\ai_jarvis\jarvis_env\lib\site-packages\torio\_extension\utils.py", line 116, in _find_ffmpeg_extension
    ext = _find_versionsed_ffmpeg_extension(ffmpeg_ver)
  File "D:\ai_jarvis\jarvis_env\lib\site-packages\torio\_extension\utils.py", line 108, in _find_versionsed_ffmpeg_extension
    _load_lib(lib)
  File "D:\ai_jarvis\jarvis_env\lib\site-packages\torio\_extension\utils.py", line 94, in _load_lib
    torch.ops.load_library(path)
  File "D:\ai_jarvis\jarvis_env\lib\site-packages\torch\_ops.py", line 933, in load_library
    ctypes.CDLL(path)
  File "D:\python\lib\ctypes\__init__.py", line 374, in __init__
    self._handle = _dlopen(self._name, mode)
FileNotFoundError: Could not find module 'D:\ai_jarvis\jarvis_env\Lib\site-packages\torio\lib\libtorio_ffmpeg5.pyd' (or one of its dependencies). Try using the full path with constructor syntax.
RealTimeSTT: torio._extension.utils - DEBUG - Loading FFmpeg4
RealTimeSTT: torio._extension.utils - DEBUG - Failed to load FFmpeg4 extension.
Traceback (most recent call last):
  File "D:\ai_jarvis\jarvis_env\lib\site-packages\torio\_extension\utils.py", line 116, in _find_ffmpeg_extension
    ext = _find_versionsed_ffmpeg_extension(ffmpeg_ver)
  File "D:\ai_jarvis\jarvis_env\lib\site-packages\torio\_extension\utils.py", line 108, in _find_versionsed_ffmpeg_extension
    _load_lib(lib)
  File "D:\ai_jarvis\jarvis_env\lib\site-packages\torio\_extension\utils.py", line 94, in _load_lib
    torch.ops.load_library(path)
  File "D:\ai_jarvis\jarvis_env\lib\site-packages\torch\_ops.py", line 933, in load_library
    ctypes.CDLL(path)
  File "D:\python\lib\ctypes\__init__.py", line 374, in __init__
    self._handle = _dlopen(self._name, mode)
FileNotFoundError: Could not find module 'D:\ai_jarvis\jarvis_env\Lib\site-packages\torio\lib\libtorio_ffmpeg4.pyd' (or one of its dependencies). Try using the full path with constructor syntax.
RealTimeSTT: torio._extension.utils - DEBUG - Loading FFmpeg
RealTimeSTT: torio._extension.utils - DEBUG - Failed to load FFmpeg extension.
Traceback (most recent call last):
  File "D:\ai_jarvis\jarvis_env\lib\site-packages\torio\_extension\utils.py", line 116, in _find_ffmpeg_extension
    ext = _find_versionsed_ffmpeg_extension(ffmpeg_ver)
  File "D:\ai_jarvis\jarvis_env\lib\site-packages\torio\_extension\utils.py", line 106, in _find_versionsed_ffmpeg_extension
    raise RuntimeError(f"FFmpeg{version} extension is not available.")
RuntimeError: FFmpeg extension is not available.
RealTimeSTT: root - DEBUG - Silero VAD voice activity detection engine initialized successfully
RealTimeSTT: root - DEBUG - Starting recording worker
RealTimeSTT: root - DEBUG - Starting realtime worker
RealTimeSTT: root - DEBUG - Waiting for main transcription model to start
RealTimeSTT: root - DEBUG - Main transcription model ready
RealTimeSTT: root - DEBUG - RealtimeSTT initialization completed successfully
RealTimeSTT: root - INFO - voice activity detected
RealTimeSTT: root - INFO - recording started
RealTimeSTT: root - INFO - voice deactivity detected
RealTimeSTT: root - INFO - recording stopped
RealTimeSTT: root - DEBUG - Finishing recording thread
RealTimeSTT: root - DEBUG - Terminating reader process
RealTimeSTT: root - DEBUG - Terminating transcription process
RealTimeSTT: root - DEBUG - Finishing realtime thread
RealTimeSTT: root - INFO - Starting RealTimeSTT
RealTimeSTT: root - INFO - Starting RealTimeSTT
RealTimeSTT: root - INFO - Initializing audio recording (creating pyAudio input stream, sample rate: 16000 buffer size: 512
RealTimeSTT: root - INFO - Initializing audio recording (creating pyAudio input stream, sample rate: 16000 buffer size: 512
RealTimeSTT: root - DEBUG - Porcupine wake word detection engine initialized successfully
RealTimeSTT: root - DEBUG - Porcupine wake word detection engine initialized successfully
RealTimeSTT: root - INFO - Initializing WebRTC voice with Sensitivity 3
RealTimeSTT: root - INFO - Initializing WebRTC voice with Sensitivity 3
RealTimeSTT: root - DEBUG - WebRTC VAD voice activity detection engine initialized successfully
RealTimeSTT: root - DEBUG - WebRTC VAD voice activity detection engine initialized successfully
RealTimeSTT: root - DEBUG - Silero VAD voice activity detection engine initialized successfully
RealTimeSTT: root - DEBUG - Silero VAD voice activity detection engine initialized successfully
RealTimeSTT: root - DEBUG - Starting recording worker
RealTimeSTT: root - DEBUG - Starting recording worker
RealTimeSTT: root - DEBUG - Starting realtime worker
RealTimeSTT: root - DEBUG - Waiting for main transcription model to start
RealTimeSTT: root - DEBUG - Starting realtime worker
RealTimeSTT: root - DEBUG - Waiting for main transcription model to start
RealTimeSTT: root - DEBUG - Main transcription model ready
RealTimeSTT: root - DEBUG - Main transcription model ready
RealTimeSTT: root - DEBUG - RealtimeSTT initialization completed successfully
RealTimeSTT: root - DEBUG - RealtimeSTT initialization completed successfully
RealTimeSTT: root - INFO - voice activity detected
RealTimeSTT: root - INFO - voice activity detected
RealTimeSTT: root - INFO - recording started
RealTimeSTT: root - INFO - recording started
RealTimeSTT: root - INFO - voice deactivity detected
RealTimeSTT: root - INFO - voice deactivity detected
RealTimeSTT: root - INFO - recording stopped
RealTimeSTT: root - INFO - recording stopped
RealTimeSTT: root - DEBUG - Finishing recording thread
RealTimeSTT: root - DEBUG - Finishing recording thread
RealTimeSTT: root - DEBUG - Terminating reader process
RealTimeSTT: root - DEBUG - Terminating reader process
RealTimeSTT: root - DEBUG - Terminating transcription process
RealTimeSTT: root - DEBUG - Terminating transcription process
RealTimeSTT: root - DEBUG - Finishing realtime thread
RealTimeSTT: root - DEBUG - Finishing realtime thread
RealTimeSTT: root - INFO - Starting RealTimeSTT
RealTimeSTT: root - INFO - Starting RealTimeSTT
RealTimeSTT: root - INFO - Starting RealTimeSTT
RealTimeSTT: root - INFO - Initializing audio recording (creating pyAudio input stream, sample rate: 16000 buffer size: 512
RealTimeSTT: root - INFO - Initializing audio recording (creating pyAudio input stream, sample rate: 16000 buffer size: 512
RealTimeSTT: root - INFO - Initializing audio recording (creating pyAudio input stream, sample rate: 16000 buffer size: 512
RealTimeSTT: root - DEBUG - Porcupine wake word detection engine initialized successfully
RealTimeSTT: root - DEBUG - Porcupine wake word detection engine initialized successfully
RealTimeSTT: root - DEBUG - Porcupine wake word detection engine initialized successfully
RealTimeSTT: root - INFO - Initializing WebRTC voice with Sensitivity 3
RealTimeSTT: root - INFO - Initializing WebRTC voice with Sensitivity 3
RealTimeSTT: root - INFO - Initializing WebRTC voice with Sensitivity 3
RealTimeSTT: root - DEBUG - WebRTC VAD voice activity detection engine initialized successfully
RealTimeSTT: root - DEBUG - WebRTC VAD voice activity detection engine initialized successfully
RealTimeSTT: root - DEBUG - WebRTC VAD voice activity detection engine initialized successfully
RealTimeSTT: root - DEBUG - Silero VAD voice activity detection engine initialized successfully
RealTimeSTT: root - DEBUG - Silero VAD voice activity detection engine initialized successfully
RealTimeSTT: root - DEBUG - Silero VAD voice activity detection engine initialized successfully
RealTimeSTT: root - DEBUG - Starting recording worker
RealTimeSTT: root - DEBUG - Starting recording worker
RealTimeSTT: root - DEBUG - Starting realtime worker
RealTimeSTT: root - DEBUG - Starting recording worker
RealTimeSTT: root - DEBUG - Waiting for main transcription model to start
RealTimeSTT: root - DEBUG - Starting realtime worker
RealTimeSTT: root - DEBUG - Waiting for main transcription model to start
RealTimeSTT: root - DEBUG - Starting realtime worker
RealTimeSTT: root - DEBUG - Waiting for main transcription model to start
RealTimeSTT: root - DEBUG - Main transcription model ready
RealTimeSTT: root - DEBUG - Main transcription model ready
RealTimeSTT: root - DEBUG - Main transcription model ready
RealTimeSTT: root - DEBUG - RealtimeSTT initialization completed successfully
RealTimeSTT: root - DEBUG - RealtimeSTT initialization completed successfully
RealTimeSTT: root - DEBUG - RealtimeSTT initialization completed successfully
RealTimeSTT: root - DEBUG - Finishing recording thread
RealTimeSTT: root - DEBUG - Finishing recording thread
RealTimeSTT: root - DEBUG - Finishing recording thread
RealTimeSTT: root - INFO - Starting RealTimeSTT
RealTimeSTT: root - INFO - Initializing audio recording (creating pyAudio input stream, sample rate: 16000 buffer size: 512
RealTimeSTT: root - DEBUG - Porcupine wake word detection engine initialized successfully
RealTimeSTT: root - INFO - Initializing WebRTC voice with Sensitivity 3
RealTimeSTT: root - DEBUG - WebRTC VAD voice activity detection engine initialized successfully
RealTimeSTT: torio._extension.utils - DEBUG - Loading FFmpeg6
RealTimeSTT: torio._extension.utils - DEBUG - Failed to load FFmpeg6 extension.
Traceback (most recent call last):
  File "D:\ai_jarvis\jarvis_env\lib\site-packages\torio\_extension\utils.py", line 116, in _find_ffmpeg_extension
    ext = _find_versionsed_ffmpeg_extension(ffmpeg_ver)
  File "D:\ai_jarvis\jarvis_env\lib\site-packages\torio\_extension\utils.py", line 108, in _find_versionsed_ffmpeg_extension
    _load_lib(lib)
  File "D:\ai_jarvis\jarvis_env\lib\site-packages\torio\_extension\utils.py", line 94, in _load_lib
    torch.ops.load_library(path)
  File "D:\ai_jarvis\jarvis_env\lib\site-packages\torch\_ops.py", line 933, in load_library
    ctypes.CDLL(path)
  File "D:\python\lib\ctypes\__init__.py", line 374, in __init__
    self._handle = _dlopen(self._name, mode)
FileNotFoundError: Could not find module 'D:\ai_jarvis\jarvis_env\Lib\site-packages\torio\lib\libtorio_ffmpeg6.pyd' (or one of its dependencies). Try using the full path with constructor syntax.
RealTimeSTT: torio._extension.utils - DEBUG - Loading FFmpeg5
RealTimeSTT: torio._extension.utils - DEBUG - Failed to load FFmpeg5 extension.
Traceback (most recent call last):
  File "D:\ai_jarvis\jarvis_env\lib\site-packages\torio\_extension\utils.py", line 116, in _find_ffmpeg_extension
    ext = _find_versionsed_ffmpeg_extension(ffmpeg_ver)
  File "D:\ai_jarvis\jarvis_env\lib\site-packages\torio\_extension\utils.py", line 108, in _find_versionsed_ffmpeg_extension
    _load_lib(lib)
  File "D:\ai_jarvis\jarvis_env\lib\site-packages\torio\_extension\utils.py", line 94, in _load_lib
    torch.ops.load_library(path)
  File "D:\ai_jarvis\jarvis_env\lib\site-packages\torch\_ops.py", line 933, in load_library
    ctypes.CDLL(path)
  File "D:\python\lib\ctypes\__init__.py", line 374, in __init__
    self._handle = _dlopen(self._name, mode)
FileNotFoundError: Could not find module 'D:\ai_jarvis\jarvis_env\Lib\site-packages\torio\lib\libtorio_ffmpeg5.pyd' (or one of its dependencies). Try using the full path with constructor syntax.
RealTimeSTT: torio._extension.utils - DEBUG - Loading FFmpeg4
RealTimeSTT: torio._extension.utils - DEBUG - Failed to load FFmpeg4 extension.
Traceback (most recent call last):
  File "D:\ai_jarvis\jarvis_env\lib\site-packages\torio\_extension\utils.py", line 116, in _find_ffmpeg_extension
    ext = _find_versionsed_ffmpeg_extension(ffmpeg_ver)
  File "D:\ai_jarvis\jarvis_env\lib\site-packages\torio\_extension\utils.py", line 108, in _find_versionsed_ffmpeg_extension
    _load_lib(lib)
  File "D:\ai_jarvis\jarvis_env\lib\site-packages\torio\_extension\utils.py", line 94, in _load_lib
    torch.ops.load_library(path)
  File "D:\ai_jarvis\jarvis_env\lib\site-packages\torch\_ops.py", line 933, in load_library
    ctypes.CDLL(path)
  File "D:\python\lib\ctypes\__init__.py", line 374, in __init__
    self._handle = _dlopen(self._name, mode)
FileNotFoundError: Could not find module 'D:\ai_jarvis\jarvis_env\Lib\site-packages\torio\lib\libtorio_ffmpeg4.pyd' (or one of its dependencies). Try using the full path with constructor syntax.
RealTimeSTT: torio._extension.utils - DEBUG - Loading FFmpeg
RealTimeSTT: torio._extension.utils - DEBUG - Failed to load FFmpeg extension.
Traceback (most recent call last):
  File "D:\ai_jarvis\jarvis_env\lib\site-packages\torio\_extension\utils.py", line 116, in _find_ffmpeg_extension
    ext = _find_versionsed_ffmpeg_extension(ffmpeg_ver)
  File "D:\ai_jarvis\jarvis_env\lib\site-packages\torio\_extension\utils.py", line 106, in _find_versionsed_ffmpeg_extension
    raise RuntimeError(f"FFmpeg{version} extension is not available.")
RuntimeError: FFmpeg extension is not available.
RealTimeSTT: root - DEBUG - Silero VAD voice activity detection engine initialized successfully
RealTimeSTT: root - DEBUG - Starting recording worker
RealTimeSTT: root - DEBUG - Starting realtime worker
RealTimeSTT: root - DEBUG - Waiting for main transcription model to start
RealTimeSTT: root - DEBUG - Main transcription model ready
RealTimeSTT: root - DEBUG - RealtimeSTT initialization completed successfully
RealTimeSTT: root - INFO - voice activity detected
RealTimeSTT: root - INFO - recording started
RealTimeSTT: root - INFO - voice deactivity detected
RealTimeSTT: root - INFO - recording stopped
RealTimeSTT: root - DEBUG - Finishing recording thread
RealTimeSTT: root - DEBUG - Terminating reader process
RealTimeSTT: root - DEBUG - Terminating transcription process
RealTimeSTT: root - DEBUG - Finishing realtime thread
RealTimeSTT: root - INFO - Starting RealTimeSTT
RealTimeSTT: root - INFO - Starting RealTimeSTT
RealTimeSTT: root - INFO - Initializing audio recording (creating pyAudio input stream, sample rate: 16000 buffer size: 512
RealTimeSTT: root - INFO - Initializing audio recording (creating pyAudio input stream, sample rate: 16000 buffer size: 512
RealTimeSTT: root - DEBUG - Porcupine wake word detection engine initialized successfully
RealTimeSTT: root - DEBUG - Porcupine wake word detection engine initialized successfully
RealTimeSTT: root - INFO - Initializing WebRTC voice with Sensitivity 3
RealTimeSTT: root - INFO - Initializing WebRTC voice with Sensitivity 3
RealTimeSTT: root - DEBUG - WebRTC VAD voice activity detection engine initialized successfully
RealTimeSTT: root - DEBUG - WebRTC VAD voice activity detection engine initialized successfully
RealTimeSTT: root - DEBUG - Silero VAD voice activity detection engine initialized successfully
RealTimeSTT: root - DEBUG - Silero VAD voice activity detection engine initialized successfully
RealTimeSTT: root - DEBUG - Starting recording worker
RealTimeSTT: root - DEBUG - Starting recording worker
RealTimeSTT: root - DEBUG - Starting realtime worker
RealTimeSTT: root - DEBUG - Waiting for main transcription model to start
RealTimeSTT: root - DEBUG - Starting realtime worker
RealTimeSTT: root - DEBUG - Waiting for main transcription model to start
RealTimeSTT: root - DEBUG - Main transcription model ready
RealTimeSTT: root - DEBUG - Main transcription model ready
RealTimeSTT: root - DEBUG - RealtimeSTT initialization completed successfully
RealTimeSTT: root - DEBUG - RealtimeSTT initialization completed successfully
RealTimeSTT: root - DEBUG - Finishing recording thread
RealTimeSTT: root - DEBUG - Finishing recording thread
RealTimeSTT: root - WARNING - Audio queue size exceeds latency limit. Current size: 15. Discarding old audio chunks.
RealTimeSTT: root - WARNING - Audio queue size exceeds latency limit. Current size: 11. Discarding old audio chunks.
RealTimeSTT: root - WARNING - Audio queue size exceeds latency limit. Current size: 13. Discarding old audio chunks.
RealTimeSTT: root - WARNING - Audio queue size exceeds latency limit. Current size: 114. Discarding old audio chunks.
RealTimeSTT: root - WARNING - Audio queue size exceeds latency limit. Current size: 65. Discarding old audio chunks.
